# JRE version: OpenJDK Runtime Environment (11.0.11+9) (build 11.0.11+9-Ubuntu-0ubuntu2.20.04)
# Java VM: OpenJDK 64-Bit Server VM (11.0.11+9-Ubuntu-0ubuntu2.20.04, mixed mode, sharing, tiered, compressed oops, g1 gc, linux-amd64)
Heap:
 garbage-first heap   total 283648K, used 239240K [0x00000000e0000000, 0x0000000100000000)
  region size 1024K, 23 young (23552K), 4 survivors (4096K)
 Metaspace       used 91401K, capacity 99412K, committed 99708K, reserved 1134592K
  class space    used 11113K, capacity 14558K, committed 14636K, reserved 1048576K
GC Heap History (20 events):
Event: 14,613 GC heap before
{Heap before GC invocations=81 (full 0):
 garbage-first heap   total 283648K, used 247341K [0x00000000e0000000, 0x0000000100000000)
  region size 1024K, 40 young (40960K), 4 survivors (4096K)
 Metaspace       used 90474K, capacity 98300K, committed 98812K, reserved 1134592K
  class space    used 11014K, capacity 14415K, committed 14508K, reserved 1048576K
}
Event: 14,615 GC heap after
{Heap after GC invocations=82 (full 0):
 garbage-first heap   total 283648K, used 210624K [0x00000000e0000000, 0x0000000100000000)
  region size 1024K, 3 young (3072K), 3 survivors (3072K)
 Metaspace       used 90474K, capacity 98300K, committed 98812K, reserved 1134592K
  class space    used 11014K, capacity 14415K, committed 14508K, reserved 1048576K
}
Event: 14,699 GC heap before
{Heap before GC invocations=82 (full 0):
 garbage-first heap   total 283648K, used 248512K [0x00000000e0000000, 0x0000000100000000)
  region size 1024K, 40 young (40960K), 3 survivors (3072K)
 Metaspace       used 90770K, capacity 98627K, committed 98812K, reserved 1134592K
  class space    used 11059K, capacity 14479K, committed 14508K, reserved 1048576K
}
Event: 14,704 GC heap after
{Heap after GC invocations=83 (full 0):
 garbage-first heap   total 283648K, used 211288K [0x00000000e0000000, 0x0000000100000000)
  region size 1024K, 2 young (2048K), 2 survivors (2048K)
 Metaspace       used 90770K, capacity 98627K, committed 98812K, reserved 1134592K
  class space    used 11059K, capacity 14479K, committed 14508K, reserved 1048576K
}
Event: 14,751 GC heap before
{Heap before GC invocations=83 (full 0):
 garbage-first heap   total 283648K, used 248152K [0x00000000e0000000, 0x0000000100000000)
  region size 1024K, 38 young (38912K), 2 survivors (2048K)
 Metaspace       used 90816K, capacity 98632K, committed 98812K, reserved 1134592K
  class space    used 11065K, capacity 14479K, committed 14508K, reserved 1048576K
}
Event: 14,754 GC heap after
{Heap after GC invocations=84 (full 0):
 garbage-first heap   total 283648K, used 212891K [0x00000000e0000000, 0x0000000100000000)
  region size 1024K, 3 young (3072K), 3 survivors (3072K)
 Metaspace       used 90816K, capacity 98632K, committed 98812K, reserved 1134592K
  class space    used 11065K, capacity 14479K, committed 14508K, reserved 1048576K
}
Event: 14,809 GC heap before
{Heap before GC invocations=84 (full 0):
 garbage-first heap   total 283648K, used 251803K [0x00000000e0000000, 0x0000000100000000)
  region size 1024K, 37 young (37888K), 3 survivors (3072K)
 Metaspace       used 90849K, capacity 98717K, committed 98812K, reserved 1134592K
  class space    used 11068K, capacity 14481K, committed 14508K, reserved 1048576K
}
Event: 14,814 GC heap after
{Heap after GC invocations=85 (full 0):
 garbage-first heap   total 283648K, used 217253K [0x00000000e0000000, 0x0000000100000000)
  region size 1024K, 3 young (3072K), 3 survivors (3072K)
 Metaspace       used 90849K, capacity 98717K, committed 98812K, reserved 1134592K
  class space    used 11068K, capacity 14481K, committed 14508K, reserved 1048576K
}
Event: 14,866 GC heap before
{Heap before GC invocations=86 (full 0):
 garbage-first heap   total 283648K, used 248997K [0x00000000e0000000, 0x0000000100000000)
  region size 1024K, 34 young (34816K), 3 survivors (3072K)
 Metaspace       used 90955K, capacity 98787K, committed 98812K, reserved 1134592K
  class space    used 11072K, capacity 14484K, committed 14508K, reserved 1048576K
}
Event: 14,868 GC heap after
{Heap after GC invocations=87 (full 0):
 garbage-first heap   total 283648K, used 217546K [0x00000000e0000000, 0x0000000100000000)
  region size 1024K, 3 young (3072K), 3 survivors (3072K)
 Metaspace       used 90955K, capacity 98787K, committed 98812K, reserved 1134592K
  class space    used 11072K, capacity 14484K, committed 14508K, reserved 1048576K
}
Event: 14,892 GC heap before
{Heap before GC invocations=87 (full 0):
 garbage-first heap   total 283648K, used 249290K [0x00000000e0000000, 0x0000000100000000)
  region size 1024K, 34 young (34816K), 3 survivors (3072K)
 Metaspace       used 90972K, capacity 98852K, committed 99068K, reserved 1134592K
  class space    used 11075K, capacity 14484K, committed 14508K, reserved 1048576K
}
Event: 14,896 GC heap after
{Heap after GC invocations=88 (full 0):
 garbage-first heap   total 283648K, used 217941K [0x00000000e0000000, 0x0000000100000000)
  region size 1024K, 4 young (4096K), 4 survivors (4096K)
 Metaspace       used 90972K, capacity 98852K, committed 99068K, reserved 1134592K
  class space    used 11075K, capacity 14484K, committed 14508K, reserved 1048576K
}
Event: 14,959 GC heap before
{Heap before GC invocations=88 (full 0):
 garbage-first heap   total 283648K, used 248661K [0x00000000e0000000, 0x0000000100000000)
  region size 1024K, 34 young (34816K), 4 survivors (4096K)
 Metaspace       used 91112K, capacity 99062K, committed 99452K, reserved 1134592K
  class space    used 11090K, capacity 14526K, committed 14636K, reserved 1048576K
}
Event: 14,962 GC heap after
{Heap after GC invocations=89 (full 0):
 garbage-first heap   total 283648K, used 218733K [0x00000000e0000000, 0x0000000100000000)
  region size 1024K, 2 young (2048K), 2 survivors (2048K)
 Metaspace       used 91112K, capacity 99062K, committed 99452K, reserved 1134592K
  class space    used 11090K, capacity 14526K, committed 14636K, reserved 1048576K
}
Event: 15,026 GC heap before
{Heap before GC invocations=89 (full 0):
 garbage-first heap   total 283648K, used 249453K [0x00000000e0000000, 0x0000000100000000)
  region size 1024K, 32 young (32768K), 2 survivors (2048K)
 Metaspace       used 90727K, capacity 98546K, committed 99452K, reserved 1134592K
  class space    used 11069K, capacity 14454K, committed 14636K, reserved 1048576K
}
Event: 15,035 GC heap after
{Heap after GC invocations=90 (full 0):
 garbage-first heap   total 283648K, used 218573K [0x00000000e0000000, 0x0000000100000000)
  region size 1024K, 2 young (2048K), 2 survivors (2048K)
 Metaspace       used 90727K, capacity 98546K, committed 99452K, reserved 1134592K
  class space    used 11069K, capacity 14454K, committed 14636K, reserved 1048576K
}
Event: 15,078 GC heap before
{Heap before GC invocations=91 (full 0):
 garbage-first heap   total 283648K, used 249293K [0x00000000e0000000, 0x0000000100000000)
  region size 1024K, 32 young (32768K), 2 survivors (2048K)
 Metaspace       used 90742K, capacity 98552K, committed 99452K, reserved 1134592K
  class space    used 11071K, capacity 14455K, committed 14636K, reserved 1048576K
}
Event: 15,083 GC heap after
{Heap after GC invocations=92 (full 0):
 garbage-first heap   total 283648K, used 218669K [0x00000000e0000000, 0x0000000100000000)
  region size 1024K, 2 young (2048K), 2 survivors (2048K)
 Metaspace       used 90742K, capacity 98552K, committed 99452K, reserved 1134592K
  class space    used 11071K, capacity 14455K, committed 14636K, reserved 1048576K
}
Event: 15,144 GC heap before
{Heap before GC invocations=92 (full 0):
 garbage-first heap   total 283648K, used 249389K [0x00000000e0000000, 0x0000000100000000)
  region size 1024K, 32 young (32768K), 2 survivors (2048K)
 Metaspace       used 91148K, capacity 99111K, committed 99452K, reserved 1134592K
  class space    used 11101K, capacity 14525K, committed 14636K, reserved 1048576K
}
Event: 15,151 GC heap after
{Heap after GC invocations=93 (full 0):
 garbage-first heap   total 283648K, used 220808K [0x00000000e0000000, 0x0000000100000000)
  region size 1024K, 4 young (4096K), 4 survivors (4096K)
 Metaspace       used 91148K, capacity 99111K, committed 99452K, reserved 1134592K
  class space    used 11101K, capacity 14525K, committed 14636K, reserved 1048576K
}

